<?xml version="1.0" encoding="UTF-8"?>
<!-- Generated by org.testng.reporters.JUnitReportReporter -->
<testsuite hostname="DESKTOP-RQ3L8BF" failures="0" tests="3" name="tests.AgentSignUpFlow" time="153.484" errors="0" timestamp="2022-01-08T20:40:38 IST" skipped="2">
  <testcase classname="tests.AgentSignUpFlow" name="TC_Positive_Verify_that_Agent_Should_AbleTo_ResumeToStep4_WhenOnlyStep3Form_Submitted" time="153.484"/>
  <system-out/>
  <testcase classname="tests.AgentSignUpFlow" name="TC_Positive_Verify_that_Agent_Should_AbleTo_ResumeToStep2_WhenOnlyStep1Form_Submitted">
    <skipped/>
  </testcase> <!-- TC_Positive_Verify_that_Agent_Should_AbleTo_ResumeToStep2_WhenOnlyStep1Form_Submitted -->
  <system-out/>
  <testcase classname="tests.AgentSignUpFlow" name="TC_Positive_Verify_that_Agent_Should_AbleTo_ResumeToStep3_WhenOnlyStep2Form_Submitted">
    <skipped/>
  </testcase> <!-- TC_Positive_Verify_that_Agent_Should_AbleTo_ResumeToStep3_WhenOnlyStep2Form_Submitted -->
  <system-out/>
</testsuite> <!-- tests.AgentSignUpFlow -->
