<?xml version="1.0" encoding="UTF-8"?>
<!-- Generated by org.testng.reporters.JUnitReportReporter -->
<testsuite hostname="DESKTOP-RQ3L8BF" failures="0" tests="15" name="tests.AgentSignUp" time="100.307" errors="0" timestamp="2022-01-05T15:21:59 IST" skipped="1">
  <testcase classname="tests.AgentSignUp" name="TC_Negative_Verify_that_Agent_ShouldGet_TheValidationError_InCaseOfEmptyFields" time="8.519"/>
  <system-out/>
  <testcase classname="tests.AgentSignUp" name="TC_Negative_Verify_that_Agent_Should_GetError_OnEnter_InvalidNumber" time="5.310"/>
  <system-out/>
  <testcase classname="tests.AgentSignUp" name="TC_Negative_Verify_that_Agent_Should_GetError_OnEnter_InvalidEmail" time="7.382"/>
  <system-out/>
  <testcase classname="tests.AgentSignUp" name="TC_Negative_Verify_that_Agent_Should_GetError_OnEnter_AlreadyExistUser" time="12.291"/>
  <system-out/>
  <testcase classname="tests.AgentSignUp" name="TC_Negative_Verify_that_Agent_ShouldNot_AbleToEnter_AlphabeticalValue_inMobileNumber_Field" time="1.429"/>
  <system-out/>
  <testcase classname="tests.AgentSignUp" name="TC_Negative_Verify_that_Agent_Should_ValidateFirstForm_InCaseOfValidFields" time="21.016"/>
  <system-out/>
  <testcase classname="tests.AgentSignUp" name="TC_Negative_Verify_that_Agent_ShouldGet_TheValidationError_InCaseOfEmptyFields_Step2" time="7.569"/>
  <system-out/>
  <testcase classname="tests.AgentSignUp" name="TC_Negative_Verify_that_Agent_ShouldbeAble_ToUpload_ImageSuccessfully" time="9.266"/>
  <system-out/>
  <testcase classname="tests.AgentSignUp" name="TC_Negative_Verify_that_Agent_ShouldbeAble_ToSelect_YearSuccessfully" time="5.196"/>
  <system-out/>
  <testcase classname="tests.AgentSignUp" name="TC_Negative_Verify_that_Agent_ShouldbeAble_ToSelect_Town_Successfully" time="7.017"/>
  <system-out/>
  <testcase classname="tests.AgentSignUp" name="TC_Negative_Verify_that_Agent_ShouldbeAble_ToSubmit_Step2_Successfully" time="5.179"/>
  <system-out/>
  <testcase classname="tests.AgentSignUp" name="TC_Negative_Verify_that_Agent_ShouldbeAble_ToReachOn_Step3_Successfully" time="2.020"/>
  <system-out/>
  <testcase classname="tests.AgentSignUp" name="TC_Negative_Verify_that_Agent_ShouldGet_TheValidationError_InCaseOfEmptyFields_Step3" time="2.264"/>
  <system-out/>
  <testcase classname="tests.AgentSignUp" name="TC_Negative_Verify_that_Agent_Should_SignUp_Successfully_AfterStep3" time="5.849"/>
  <system-out/>
  <testcase classname="tests.AgentSignUp" name="TC_Negative_Verify_that_Agent_ShouldbeAble_ToUpload_ValidImageSuccessfully">
    <skipped/>
  </testcase> <!-- TC_Negative_Verify_that_Agent_ShouldbeAble_ToUpload_ValidImageSuccessfully -->
  <system-out/>
</testsuite> <!-- tests.AgentSignUp -->
