<?xml version="1.0" encoding="UTF-8"?>
<!-- Generated by org.testng.reporters.JUnitReportReporter -->
<testsuite hostname="DESKTOP-RQ3L8BF" failures="0" tests="4" name="tests.AgentSignIn" time="53.688" errors="0" timestamp="2022-01-11T00:01:29 IST" skipped="0">
  <testcase classname="tests.AgentSignIn" name="TC_Negative_Verify_that_Agent_ShouldGet_TheValidationError_InCaseOfInvalidEmail" time="25.998"/>
  <system-out/>
  <testcase classname="tests.AgentSignIn" name="TC_Negative_Verify_that_Agent_ShouldGet_TheValidationError_InCaseOfEmptyField" time="15.254"/>
  <system-out/>
  <testcase classname="tests.AgentSignIn" name="TC_Negative_Verify_that_Agent_ShouldGet_TheValidationError_InCaseOf_NonExistingEmail" time="7.911"/>
  <system-out/>
  <testcase classname="tests.AgentSignIn" name="TC_Negative_Verify_that_Agent_ShouldBeAble_ToCancel_Close_login_Popup" time="4.525"/>
  <system-out/>
</testsuite> <!-- tests.AgentSignIn -->
