<?xml version="1.0" encoding="UTF-8"?>
<!-- Generated by org.testng.reporters.JUnitReportReporter -->
<testsuite hostname="DESKTOP-RQ3L8BF" failures="0" tests="10" name="tests.ClientLogIn" time="158.043" errors="0" timestamp="2021-12-29T17:15:34 IST" skipped="0">
  <testcase classname="tests.ClientLogIn" name="TC_Positive_Verify_that_Client_ShouldAble_cancel_LoginOnclick_CancelButton" time="11.066"/>
  <system-out/>
  <testcase classname="tests.ClientLogIn" name="TC_Positive_Verify_that_Client_ShouldAble_Toget_ErrorMessage_onUsing_InvalidNumber" time="12.950"/>
  <system-out/>
  <testcase classname="tests.ClientLogIn" name="TC_Positive_Verify_that_Client_ShouldAble_ToLogin_Through_PhoneNumber" time="10.011"/>
  <system-out/>
  <testcase classname="tests.ClientLogIn" name="TC_Positive_Verify_that_Client_ShouldAble_Changethe_CountryCode" time="12.231"/>
  <system-out/>
  <testcase classname="tests.ClientLogIn" name="TC_Positive_Verify_that_Client_ShouldAble_ToResend_OTPThrough_PhoneNumber" time="87.762"/>
  <system-out/>
  <testcase classname="tests.ClientLogIn" name="TC_Positive_Verify_that_Client_ShouldGet_ErrorMessage_inCaseof_Emptyfield" time="5.435"/>
  <system-out/>
  <testcase classname="tests.ClientLogIn" name="TC_Positive_Verify_that_Client_ShouldGet_ErrorMessage_inCaseofEmail_Emptyfield" time="4.506"/>
  <system-out/>
  <testcase classname="tests.ClientLogIn" name="TC_Positive_Verify_that_Client_ShouldAble_Toget_ErrorMessage_onUsing_NonRegisteredEmail" time="4.355"/>
  <system-out/>
  <testcase classname="tests.ClientLogIn" name="TC_Positive_Verify_that_Client_ShouldGet_Error_OnUsingInvalidEmail" time="4.410"/>
  <system-out/>
  <testcase classname="tests.ClientLogIn" name="TC_Positive_Verify_that_Client_Should_getValidMessage_onUsing_RegisteredEmail" time="5.317"/>
  <system-out/>
</testsuite> <!-- tests.ClientLogIn -->
