<?xml version="1.0" encoding="UTF-8"?>
<!-- Generated by org.testng.reporters.JUnitReportReporter -->
<testsuite hostname="DESKTOP-RQ3L8BF" failures="0" tests="6" name="tests.ClientLogIn" time="140.868" errors="0" timestamp="2021-12-28T21:00:21 IST" skipped="0">
  <testcase classname="tests.ClientLogIn" name="TC_Positive_Verify_that_Client_ShouldAble_Toget_ErrorMessage_onUsing_InvalidNumber" time="13.463"/>
  <system-out/>
  <testcase classname="tests.ClientLogIn" name="TC_Positive_Verify_that_Client_ShouldAble_cancel_LoginOnclick_CancelButton" time="11.209"/>
  <system-out/>
  <testcase classname="tests.ClientLogIn" name="TC_Positive_Verify_that_Client_ShouldAble_ToLogin_Through_PhoneNumber" time="10.035"/>
  <system-out/>
  <testcase classname="tests.ClientLogIn" name="TC_Positive_Verify_that_Client_ShouldAble_Changethe_CountryCode" time="12.287"/>
  <system-out/>
  <testcase classname="tests.ClientLogIn" name="TC_Positive_Verify_that_Client_ShouldAble_ToResend_OTPThrough_PhoneNumber" time="87.847"/>
  <system-out/>
  <testcase classname="tests.ClientLogIn" name="TC_Positive_Verify_that_Client_ShouldGet_ErrorMessage_inCaseof_Emptyfield" time="6.027"/>
  <system-out/>
</testsuite> <!-- tests.ClientLogIn -->
