<?xml version="1.0" encoding="UTF-8"?>
<!-- Generated by org.testng.reporters.JUnitReportReporter -->
<testsuite hostname="DESKTOP-RQ3L8BF" failures="0" tests="15" name="tests.AgentSignUp" time="102.811" errors="0" timestamp="2022-01-05T15:56:12 IST" skipped="1">
  <testcase classname="tests.AgentSignUp" name="TC_Negative_Verify_that_Agent_ShouldGet_TheValidationError_InCaseOfEmptyFields" time="8.732"/>
  <system-out/>
  <testcase classname="tests.AgentSignUp" name="TC_Negative_Verify_that_Agent_Should_GetError_OnEnter_InvalidNumber" time="6.000"/>
  <system-out/>
  <testcase classname="tests.AgentSignUp" name="TC_Negative_Verify_that_Agent_Should_GetError_OnEnter_InvalidEmail" time="6.899"/>
  <system-out/>
  <testcase classname="tests.AgentSignUp" name="TC_Negative_Verify_that_Agent_Should_GetError_OnEnter_AlreadyExistUser" time="12.427"/>
  <system-out/>
  <testcase classname="tests.AgentSignUp" name="TC_Negative_Verify_that_Agent_ShouldNot_AbleToEnter_AlphabeticalValue_inMobileNumber_Field" time="1.378"/>
  <system-out/>
  <testcase classname="tests.AgentSignUp" name="TC_Negative_Verify_that_Agent_Should_ValidateFirstForm_InCaseOfValidFields" time="21.132"/>
  <system-out/>
  <testcase classname="tests.AgentSignUp" name="TC_Negative_Verify_that_Agent_ShouldGet_TheValidationError_InCaseOfEmptyFields_Step2" time="8.529"/>
  <system-out/>
  <testcase classname="tests.AgentSignUp" name="TC_Negative_Verify_that_Agent_ShouldbeAble_ToUpload_ImageSuccessfully" time="9.314"/>
  <system-out/>
  <testcase classname="tests.AgentSignUp" name="TC_Negative_Verify_that_Agent_ShouldbeAble_ToSelect_YearSuccessfully" time="5.201"/>
  <system-out/>
  <testcase classname="tests.AgentSignUp" name="TC_Negative_Verify_that_Agent_ShouldbeAble_ToSelect_Town_Successfully" time="7.121"/>
  <system-out/>
  <testcase classname="tests.AgentSignUp" name="TC_Negative_Verify_that_Agent_ShouldbeAble_ToSubmit_Step2_Successfully" time="6.072"/>
  <system-out/>
  <testcase classname="tests.AgentSignUp" name="TC_Negative_Verify_that_Agent_ShouldbeAble_ToReachOn_Step3_Successfully" time="2.015"/>
  <system-out/>
  <testcase classname="tests.AgentSignUp" name="TC_Negative_Verify_that_Agent_ShouldGet_TheValidationError_InCaseOfEmptyFields_Step3" time="2.259"/>
  <system-out/>
  <testcase classname="tests.AgentSignUp" name="TC_Negative_Verify_that_Agent_Should_SignUp_Successfully_AfterStep3" time="5.732"/>
  <system-out/>
  <testcase classname="tests.AgentSignUp" name="TC_Negative_Verify_that_Agent_ShouldbeAble_ToUpload_ValidImageSuccessfully">
    <skipped/>
  </testcase> <!-- TC_Negative_Verify_that_Agent_ShouldbeAble_ToUpload_ValidImageSuccessfully -->
  <system-out/>
</testsuite> <!-- tests.AgentSignUp -->
