<?xml version="1.0" encoding="UTF-8"?>
<!-- Generated by org.testng.reporters.JUnitReportReporter -->
<testsuite hostname="ssi" failures="0" tests="1" name="tests.AgentReportFlowTest" time="39.052" errors="0" timestamp="2024-03-18T17:54:54 IST" skipped="0">
  <testcase classname="tests.AgentReportFlowTest" name="TC_Positive_Verify_that_Agent_Should_AbletoLogin_OrangeScrum_Successfully" time="39.052"/>
  <system-out/>
</testsuite> <!-- tests.AgentReportFlowTest -->
