<?xml version="1.0" encoding="UTF-8"?>
<!-- Generated by org.testng.reporters.JUnitReportReporter -->
<testsuite hostname="DESKTOP-RQ3L8BF" failures="0" tests="15" name="tests.AgentSignUp" time="124.828" errors="0" timestamp="2022-01-05T16:21:08 IST" skipped="1">
  <testcase classname="tests.AgentSignUp" name="TC_Negative_Verify_that_Agent_ShouldGet_TheValidationError_InCaseOfEmptyFields" time="10.475"/>
  <system-out/>
  <testcase classname="tests.AgentSignUp" name="TC_Negative_Verify_that_Agent_Should_GetError_OnEnter_InvalidNumber" time="6.001"/>
  <system-out/>
  <testcase classname="tests.AgentSignUp" name="TC_Negative_Verify_that_Agent_Should_GetError_OnEnter_InvalidEmail" time="6.969"/>
  <system-out/>
  <testcase classname="tests.AgentSignUp" name="TC_Negative_Verify_that_Agent_Should_GetError_OnEnter_AlreadyExistUser" time="12.603"/>
  <system-out/>
  <testcase classname="tests.AgentSignUp" name="TC_Negative_Verify_that_Agent_ShouldNot_AbleToEnter_AlphabeticalValue_inMobileNumber_Field" time="1.790"/>
  <system-out/>
  <testcase classname="tests.AgentSignUp" name="TC_Negative_Verify_that_Agent_Should_ValidateFirstForm_InCaseOfValidFields" time="21.950"/>
  <system-out/>
  <testcase classname="tests.AgentSignUp" name="TC_Negative_Verify_that_Agent_ShouldGet_TheValidationError_InCaseOfEmptyFields_Step2" time="8.710"/>
  <system-out/>
  <testcase classname="tests.AgentSignUp" name="TC_Negative_Verify_that_Agent_ShouldbeAble_ToUpload_ImageSuccessfully" time="9.373"/>
  <system-out/>
  <testcase classname="tests.AgentSignUp" name="TC_Negative_Verify_that_Agent_ShouldbeAble_ToSelect_YearSuccessfully" time="5.331"/>
  <system-out/>
  <testcase classname="tests.AgentSignUp" name="TC_Negative_Verify_that_Agent_ShouldbeAble_ToSelect_Town_Successfully" time="7.185"/>
  <system-out/>
  <testcase classname="tests.AgentSignUp" name="TC_Negative_Verify_that_Agent_ShouldbeAble_ToSubmit_Step2_Successfully" time="6.287"/>
  <system-out/>
  <testcase classname="tests.AgentSignUp" name="TC_Negative_Verify_that_Agent_ShouldbeAble_ToReachOn_Step3_Successfully" time="2.044"/>
  <system-out/>
  <testcase classname="tests.AgentSignUp" name="TC_Negative_Verify_that_Agent_ShouldGet_TheValidationError_InCaseOfEmptyFields_Step3" time="11.246"/>
  <system-out/>
  <testcase classname="tests.AgentSignUp" name="TC_Negative_Verify_that_Agent_Should_SignUp_Successfully_AfterStep3" time="14.864"/>
  <system-out/>
  <testcase classname="tests.AgentSignUp" name="TC_Negative_Verify_that_Agent_ShouldbeAble_ToUpload_ValidImageSuccessfully">
    <skipped/>
  </testcase> <!-- TC_Negative_Verify_that_Agent_ShouldbeAble_ToUpload_ValidImageSuccessfully -->
  <system-out/>
</testsuite> <!-- tests.AgentSignUp -->
