<?xml version="1.0" encoding="UTF-8"?>
<!-- Generated by org.testng.reporters.JUnitReportReporter -->
<testsuite hostname="DESKTOP-RQ3L8BF" failures="0" tests="2" name="tests.AgentSignUpFlow" time="139.791" errors="0" timestamp="2022-01-07T16:26:13 IST" skipped="1">
  <testcase classname="tests.AgentSignUpFlow" name="TC_Positive_Verify_that_Agent_Should_AbleTo_ResumeToStep3_WhenOnlyStep2Form_Submitted" time="139.791"/>
  <system-out/>
  <testcase classname="tests.AgentSignUpFlow" name="TC_Positive_Verify_that_Agent_Should_AbleTo_ResumeToStep2_WhenOnlyStep1Form_Submitted">
    <skipped/>
  </testcase> <!-- TC_Positive_Verify_that_Agent_Should_AbleTo_ResumeToStep2_WhenOnlyStep1Form_Submitted -->
  <system-out/>
</testsuite> <!-- tests.AgentSignUpFlow -->
