<?xml version="1.0" encoding="UTF-8"?>
<!-- Generated by org.testng.reporters.JUnitReportReporter -->
<testsuite hostname="DESKTOP-RQ3L8BF" failures="0" tests="15" name="tests.AgentSignUp" time="142.677" errors="0" timestamp="2022-01-05T16:53:47 IST" skipped="1">
  <testcase classname="tests.AgentSignUp" name="TC_Negative_Verify_that_Agent_ShouldGet_TheValidationError_InCaseOfEmptyFields" time="10.801"/>
  <system-out/>
  <testcase classname="tests.AgentSignUp" name="TC_Negative_Verify_that_Agent_Should_GetError_OnEnter_InvalidNumber" time="11.811"/>
  <system-out/>
  <testcase classname="tests.AgentSignUp" name="TC_Negative_Verify_that_Agent_Should_GetError_OnEnter_InvalidEmail" time="6.980"/>
  <system-out/>
  <testcase classname="tests.AgentSignUp" name="TC_Negative_Verify_that_Agent_Should_GetError_OnEnter_AlreadyExistUser" time="12.379"/>
  <system-out/>
  <testcase classname="tests.AgentSignUp" name="TC_Negative_Verify_that_Agent_ShouldNot_AbleToEnter_AlphabeticalValue_inMobileNumber_Field" time="1.501"/>
  <system-out/>
  <testcase classname="tests.AgentSignUp" name="TC_Negative_Verify_that_Agent_Should_ValidateFirstForm_InCaseOfValidFields" time="33.963"/>
  <system-out/>
  <testcase classname="tests.AgentSignUp" name="TC_Negative_Verify_that_Agent_ShouldGet_TheValidationError_InCaseOfEmptyFields_Step2" time="9.558"/>
  <system-out/>
  <testcase classname="tests.AgentSignUp" name="TC_Negative_Verify_that_Agent_ShouldbeAble_ToUpload_ImageSuccessfully" time="9.286"/>
  <system-out/>
  <testcase classname="tests.AgentSignUp" name="TC_Negative_Verify_that_Agent_ShouldbeAble_ToSelect_YearSuccessfully" time="5.200"/>
  <system-out/>
  <testcase classname="tests.AgentSignUp" name="TC_Negative_Verify_that_Agent_ShouldbeAble_ToSelect_Town_Successfully" time="5.996"/>
  <system-out/>
  <testcase classname="tests.AgentSignUp" name="TC_Negative_Verify_that_Agent_ShouldbeAble_ToSubmit_Step2_Successfully" time="7.165"/>
  <system-out/>
  <testcase classname="tests.AgentSignUp" name="TC_Negative_Verify_that_Agent_ShouldbeAble_ToReachOn_Step3_Successfully" time="2.018"/>
  <system-out/>
  <testcase classname="tests.AgentSignUp" name="TC_Negative_Verify_that_Agent_ShouldGet_TheValidationError_InCaseOfEmptyFields_Step3" time="11.229"/>
  <system-out/>
  <testcase classname="tests.AgentSignUp" name="TC_Negative_Verify_that_Agent_Should_SignUp_Successfully_AfterStep3" time="14.790"/>
  <system-out/>
  <testcase classname="tests.AgentSignUp" name="TC_Negative_Verify_that_Agent_ShouldbeAble_ToUpload_ValidImageSuccessfully">
    <skipped/>
  </testcase> <!-- TC_Negative_Verify_that_Agent_ShouldbeAble_ToUpload_ValidImageSuccessfully -->
  <system-out/>
</testsuite> <!-- tests.AgentSignUp -->
