<?xml version="1.0" encoding="UTF-8"?>
<!-- Generated by org.testng.reporters.JUnitReportReporter -->
<testsuite hostname="DESKTOP-RQ3L8BF" failures="0" tests="6" name="tests.ClientLogIn" time="144.101" errors="0" timestamp="2021-12-28T20:11:29 IST" skipped="0">
  <testcase classname="tests.ClientLogIn" name="TC_Positive_Verify_that_Client_ShouldAble_Toget_ErrorMessage_onUsing_InvalidNumber" time="13.514"/>
  <system-out/>
  <testcase classname="tests.ClientLogIn" name="TC_Positive_Verify_that_Client_ShouldAble_cancel_LoginOnclick_CancelButton" time="11.611"/>
  <system-out/>
  <testcase classname="tests.ClientLogIn" name="TC_Positive_Verify_that_Client_ShouldAble_ToLogin_Through_PhoneNumber" time="10.086"/>
  <system-out/>
  <testcase classname="tests.ClientLogIn" name="TC_Positive_Verify_that_Client_ShouldAble_Changethe_CountryCode" time="14.753"/>
  <system-out/>
  <testcase classname="tests.ClientLogIn" name="TC_Positive_Verify_that_Client_ShouldAble_ToResend_OTPThrough_PhoneNumber" time="88.470"/>
  <system-out/>
  <testcase classname="tests.ClientLogIn" name="TC_Positive_Verify_that_Client_ShouldGet_ErrorMessage_inCaseof_Emptyfield" time="5.667"/>
  <system-out/>
</testsuite> <!-- tests.ClientLogIn -->
