<?xml version="1.0" encoding="UTF-8"?>
<!-- Generated by org.testng.reporters.JUnitReportReporter -->
<testsuite hostname="DESKTOP-RQ3L8BF" failures="0" tests="12" name="tests.ClientLogIn" time="194.681" errors="0" timestamp="2021-12-30T13:57:44 IST" skipped="0">
  <testcase classname="tests.ClientLogIn" name="TC_Positive_Verify_that_Client_ShouldAble_Toget_ErrorMessage_onUsing_InvalidNumber" time="20.760"/>
  <system-out/>
  <testcase classname="tests.ClientLogIn" name="TC_Positive_Verify_that_Client_ShouldAble_cancel_LoginOnclick_CancelButton" time="11.216"/>
  <system-out/>
  <testcase classname="tests.ClientLogIn" name="TC_Positive_Verify_that_Client_ShouldAble_ToLogin_Through_PhoneNumber" time="10.068"/>
  <system-out/>
  <testcase classname="tests.ClientLogIn" name="TC_Positive_Verify_that_Client_ShouldAble_Changethe_CountryCode" time="12.444"/>
  <system-out/>
  <testcase classname="tests.ClientLogIn" name="TC_Positive_Verify_that_Client_ShouldAble_ToResend_OTPThrough_PhoneNumber" time="88.206"/>
  <system-out/>
  <testcase classname="tests.ClientLogIn" name="TC_Positive_Verify_that_Client_ShouldGet_ErrorMessage_inCaseof_Emptyfield" time="6.553"/>
  <system-out/>
  <testcase classname="tests.ClientLogIn" name="TC_Positive_Verify_that_Client_ShouldGet_ErrorMessage_inCaseofEmail_Emptyfield" time="6.363"/>
  <system-out/>
  <testcase classname="tests.ClientLogIn" name="TC_Positive_Verify_that_Client_ShouldAble_Toget_ErrorMessage_onUsing_NonRegisteredEmail" time="4.359"/>
  <system-out/>
  <testcase classname="tests.ClientLogIn" name="TC_Positive_Verify_that_Client_ShouldGet_Error_OnUsingInvalidEmail" time="4.371"/>
  <system-out/>
  <testcase classname="tests.ClientLogIn" name="TC_Positive_Verify_that_Client_Should_getValidMessage_onUsing_RegisteredEmail" time="5.334"/>
  <system-out/>
  <testcase classname="tests.ClientLogIn" name="TC_Positive_Verify_that_Client_ShouldAble_cancel_LoginOnclick_EmailCancelButton" time="9.413"/>
  <system-out/>
  <testcase classname="tests.ClientLogIn" name="TC_Positive_Verify_that_Client_ShouldAble_LoginOnclick_LinkSentTo_Email_forVerification" time="15.594"/>
  <system-out/>
</testsuite> <!-- tests.ClientLogIn -->
