<?xml version="1.0" encoding="UTF-8"?>
<!-- Generated by org.testng.reporters.JUnitReportReporter -->
<testsuite hostname="DESKTOP-RQ3L8BF" failures="0" tests="15" name="tests.AgentSignUp" time="123.178" errors="0" timestamp="2022-01-05T18:04:14 IST" skipped="1">
  <testcase classname="tests.AgentSignUp" name="TC_Negative_Verify_that_Agent_ShouldGet_TheValidationError_InCaseOfEmptyFields" time="13.918"/>
  <system-out/>
  <testcase classname="tests.AgentSignUp" name="TC_Negative_Verify_that_Agent_Should_GetError_OnEnter_InvalidNumber" time="6.303"/>
  <system-out/>
  <testcase classname="tests.AgentSignUp" name="TC_Negative_Verify_that_Agent_Should_GetError_OnEnter_InvalidEmail" time="7.498"/>
  <system-out/>
  <testcase classname="tests.AgentSignUp" name="TC_Negative_Verify_that_Agent_Should_GetError_OnEnter_AlreadyExistUser" time="12.270"/>
  <system-out/>
  <testcase classname="tests.AgentSignUp" name="TC_Negative_Verify_that_Agent_ShouldNot_AbleToEnter_AlphabeticalValue_inMobileNumber_Field" time="1.493"/>
  <system-out/>
  <testcase classname="tests.AgentSignUp" name="TC_Negative_Verify_that_Agent_Should_ValidateFirstForm_InCaseOfValidFields" time="21.090"/>
  <system-out/>
  <testcase classname="tests.AgentSignUp" name="TC_Negative_Verify_that_Agent_ShouldGet_TheValidationError_InCaseOfEmptyFields_Step2" time="6.648"/>
  <system-out/>
  <testcase classname="tests.AgentSignUp" name="TC_Negative_Verify_that_Agent_ShouldbeAble_ToUpload_ImageSuccessfully" time="9.290"/>
  <system-out/>
  <testcase classname="tests.AgentSignUp" name="TC_Negative_Verify_that_Agent_ShouldbeAble_ToSelect_YearSuccessfully" time="5.244"/>
  <system-out/>
  <testcase classname="tests.AgentSignUp" name="TC_Negative_Verify_that_Agent_ShouldbeAble_ToSelect_Town_Successfully" time="6.243"/>
  <system-out/>
  <testcase classname="tests.AgentSignUp" name="TC_Negative_Verify_that_Agent_ShouldbeAble_ToSubmit_Step2_Successfully" time="4.860"/>
  <system-out/>
  <testcase classname="tests.AgentSignUp" name="TC_Negative_Verify_that_Agent_ShouldbeAble_ToReachOn_Step3_Successfully" time="2.031"/>
  <system-out/>
  <testcase classname="tests.AgentSignUp" name="TC_Negative_Verify_that_Agent_ShouldGet_TheValidationError_InCaseOfEmptyFields_Step3" time="11.303"/>
  <system-out/>
  <testcase classname="tests.AgentSignUp" name="TC_Negative_Verify_that_Agent_Should_SignUp_Successfully_AfterStep3" time="14.987"/>
  <system-out/>
  <testcase classname="tests.AgentSignUp" name="TC_Negative_Verify_that_Agent_ShouldbeAble_ToUpload_ValidImageSuccessfully">
    <skipped/>
  </testcase> <!-- TC_Negative_Verify_that_Agent_ShouldbeAble_ToUpload_ValidImageSuccessfully -->
  <system-out/>
</testsuite> <!-- tests.AgentSignUp -->
