<?xml version="1.0" encoding="UTF-8"?>
<!-- Generated by org.testng.reporters.JUnitReportReporter -->
<testsuite hostname="DESKTOP-RQ3L8BF" failures="0" tests="8" name="tests.AgentSignIn" time="93.252" errors="0" timestamp="2022-01-11T16:17:04 IST" skipped="0">
  <testcase classname="tests.AgentSignIn" name="TC_Negative_Verify_that_Agent_ShouldGet_TheValidationError_InCaseOfInvalidEmail" time="13.757"/>
  <system-out/>
  <testcase classname="tests.AgentSignIn" name="TC_Negative_Verify_that_Agent_ShouldGet_TheValidationError_InCaseOfMissing_Domain" time="9.499"/>
  <system-out/>
  <testcase classname="tests.AgentSignIn" name="TC_Negative_Verify_that_Agent_ShouldGet_TheValidationError_InCaseOfUsing_SpecialCharacters" time="9.367"/>
  <system-out/>
  <testcase classname="tests.AgentSignIn" name="TC_Negative_Verify_that_Agent_ShouldGet_TheValidationError_InCaseOfEmptyField" time="9.022"/>
  <system-out/>
  <testcase classname="tests.AgentSignIn" name="TC_Negative_Verify_that_Agent_ShouldGet_TheValidationError_InCaseOf_NonExistingEmail" time="6.581"/>
  <system-out/>
  <testcase classname="tests.AgentSignIn" name="TC_Negative_Verify_that_Agent_ShouldBeAble_ToCancel_Close_login_Popup" time="4.366"/>
  <system-out/>
  <testcase classname="tests.AgentSignIn" name="TC_Positive_Verify_that_Agent_ShouldBeAble_ToSent_VerificationLink_OnRegisteredEmail" time="7.805"/>
  <system-out/>
  <testcase classname="tests.AgentSignIn" name="TC_Positive_Verify_that_Agent_ShouldBeAble_ToLoginThrough_VerificationLinkSent_OnRegisteredEmail" time="32.855"/>
  <system-out/>
</testsuite> <!-- tests.AgentSignIn -->
