<?xml version="1.0" encoding="UTF-8"?>
<!-- Generated by org.testng.reporters.JUnitReportReporter -->
<testsuite hostname="DESKTOP-RQ3L8BF" failures="0" tests="1" name="tests.AgentSignUpFlow" time="46.176" errors="0" timestamp="2022-01-06T22:50:00 IST" skipped="0">
  <testcase classname="tests.AgentSignUpFlow" name="TC_Negative_Verify_that_Agent_ShouldGet_TheValidationError_InCaseOfEmptyFields" time="46.176"/>
  <system-out/>
</testsuite> <!-- tests.AgentSignUpFlow -->
